<?xml version="1.0" encoding="UTF-8"?>
<testsuite xmlns:xsi="http://www.w3.org/2001/XMLSchema-instance" xsi:noNamespaceSchemaLocation="https://maven.apache.org/surefire/maven-surefire-plugin/xsd/surefire-test-report.xsd" name="academy.devdojo.springboot2.integration.AnimeControllerIT" time="22.054" tests="8" errors="0" skipped="0" failures="0">
  <properties>
[...]
</properties>
  <testcase name="findById_ReturnsAnime_WhenSuccessful" classname="academy.devdojo.springboot2.integration.AnimeControllerIT" time="2.918"/>
  <testcase name="listAll_ReturnsListOfAnimes_WhenSuccessful" classname="academy.devdojo.springboot2.integration.AnimeControllerIT" time="2.317"/>
  <testcase name="replace_UpdatesAnime_WhenSuccessful" classname="academy.devdojo.springboot2.integration.AnimeControllerIT" time="1.478"/>
  <testcase name="list_ReturnsListOfAnimesInsidePageObject_WhenSuccessful" classname="academy.devdojo.springboot2.integration.AnimeControllerIT" time="1.506"/>
  <testcase name="findByName_ReturnsListOfAnime_WhenSuccessful" classname="academy.devdojo.springboot2.integration.AnimeControllerIT" time="1.46"/>
  <testcase name="findByName_ReturnsEmptyListOfAnime_WhenAnimeIsNotFound" classname="academy.devdojo.springboot2.integration.AnimeControllerIT" time="1.249"/>
  <testcase name="save_ReturnsAnime_WhenSuccessful" classname="academy.devdojo.springboot2.integration.AnimeControllerIT" time="1.484"/>
  <testcase name="delete_RemovesAnime_WhenSuccessful" classname="academy.devdojo.springboot2.integration.AnimeControllerIT" time="1.22"/>
</testsuite>